<?xml version="1.0" encoding="UTF-8"?>
<testng-results ignored="0" total="1" passed="1" failed="0" skipped="0">
  <reporter-output>
  </reporter-output>
  <suite started-at="2024-09-24T19:27:11 IST" name="All Test Suite" finished-at="2024-09-24T19:27:24 IST" duration-ms="12837">
    <groups>
    </groups>
    <test started-at="2024-09-24T19:27:11 IST" name="D:/Selenium Project/Selenium_Automation/src/test/java/com/hugenx/runner/Login.java" finished-at="2024-09-24T19:27:24 IST" duration-ms="12837">
      <class name="com.hugenx.runner.LoginTest">
        <test-method is-config="true" signature="configBC()[pri:0, instance:com.hugenx.runner.LoginTest@77102b91]" started-at="2024-09-24T19:27:11 IST" name="configBC" finished-at="2024-09-24T19:27:13 IST" duration-ms="2042" status="PASS">
          <reporter-output>
          </reporter-output>
        </test-method> <!-- configBC -->
        <test-method is-config="true" signature="configBM()[pri:0, instance:com.hugenx.runner.LoginTest@77102b91]" started-at="2024-09-24T19:27:13 IST" name="configBM" finished-at="2024-09-24T19:27:23 IST" duration-ms="9797" status="PASS">
          <reporter-output>
          </reporter-output>
        </test-method> <!-- configBM -->
        <test-method signature="loginInToTheApplication()[pri:0, instance:com.hugenx.runner.LoginTest@77102b91]" started-at="2024-09-24T19:27:23 IST" name="loginInToTheApplication" finished-at="2024-09-24T19:27:24 IST" duration-ms="954" status="PASS">
          <reporter-output>
          </reporter-output>
        </test-method> <!-- loginInToTheApplication -->
        <test-method is-config="true" signature="configAM()[pri:0, instance:com.hugenx.runner.LoginTest@77102b91]" started-at="2024-09-24T19:27:24 IST" name="configAM" finished-at="2024-09-24T19:27:24 IST" duration-ms="1" status="PASS">
          <reporter-output>
          </reporter-output>
        </test-method> <!-- configAM -->
        <test-method is-config="true" signature="configAC()[pri:0, instance:com.hugenx.runner.LoginTest@77102b91]" started-at="2024-09-24T19:27:24 IST" name="configAC" finished-at="2024-09-24T19:27:24 IST" duration-ms="0" status="PASS">
          <reporter-output>
          </reporter-output>
        </test-method> <!-- configAC -->
      </class> <!-- com.hugenx.runner.LoginTest -->
    </test> <!-- D:/Selenium Project/Selenium_Automation/src/test/java/com/hugenx/runner/Login.java -->
  </suite> <!-- All Test Suite -->
</testng-results>
